NUM_OF_NODES= 10 TOTAL_NUM_RANKS= 40 RANKS_PER_NODE= 4 THREADS_PER_RANK= 1
>>>>>>>>>>>>>>>>>>>>>>>>>>>>>> TC on p2p-Gnutella31 >>>>>>>>>>>>>>>>>>>>>>>>>>>>>>>>
>>>>>>>>>>>>> p2p-Gnutella31 40 MPI ranks, 4 ranks per node, 4 depth, 1 thread per rank >>>>>>>>>>>>
start lie .... 
Iteration 31 finish populating
GPU 0 memory: free=41367764992, total=42346610688
Join time: 0.103531 ; merge full time: 0.00948326 ; memory alloc time: 0.0262881 ; rebuild delta time: 0.0143124 ; set diff time: 0.0617361 ; node comm time: 0.000534296
Finished! path_2__1_2 has 21228704
Join time: 0.103531 ; merge full time: 0.00948326 ; rebuild full time: 5.728e-06 ; rebuild delta time: 0.0143124 ; set diff time: 0.0617361
Rebuild relation detail time : rebuild rel sort time: 0 ; rebuild rel unique time: 0 ; rebuild rel index time: 0.00949146 ; node comm time: 0.635095
Path counts 884179859
TC time: 1.03359
join detail: 
compute size time:  0.0024617
reduce + scan time: 0.00589619
fetch result time:  0.0107203
sort time:          0.0543754
build index time:   0
merge time:         0
unique time:        0.0124041
>>>>>>>>>>>>> p2p-Gnutella31 32 MPI ranks, 4 ranks per node, 4 depth, 1 thread per rank >>>>>>>>>>>>
start lie .... 
Iteration 31 finish populating
GPU 0 memory: free=41233547264, total=42346610688
Join time: 0.118043 ; merge full time: 0.0113777 ; memory alloc time: 0.033236 ; rebuild delta time: 0.0163594 ; set diff time: 0.0687376 ; node comm time: 0.00181264
Finished! path_2__1_2 has 29136124
Join time: 0.118043 ; merge full time: 0.0113777 ; rebuild full time: 5.312e-06 ; rebuild delta time: 0.0163594 ; set diff time: 0.0687376
Rebuild relation detail time : rebuild rel sort time: 0 ; rebuild rel unique time: 0 ; rebuild rel index time: 0.0111145 ; node comm time: 0.683446
Path counts 884179859
TC time: 1.01477
join detail: 
compute size time:  0.00256922
reduce + scan time: 0.00629351
fetch result time:  0.0115364
sort time:          0.0659989
build index time:   0
merge time:         0
unique time:        0.0128539
>>>>>>>>>>>>> p2p-Gnutella31 24 MPI ranks, 4 ranks per node, 4 depth, 1 thread per rank >>>>>>>>>>>>
start lie .... 
Iteration 31 finish populating
GPU 0 memory: free=40742813696, total=42346610688
Join time: 0.147829 ; merge full time: 0.0141804 ; memory alloc time: 0.0388577 ; rebuild delta time: 0.0184269 ; set diff time: 0.0692968 ; node comm time: 0.00256264
Finished! path_2__1_2 has 37834326
Join time: 0.147829 ; merge full time: 0.0141804 ; rebuild full time: 5.344e-06 ; rebuild delta time: 0.0184269 ; set diff time: 0.0692968
Rebuild relation detail time : rebuild rel sort time: 0 ; rebuild rel unique time: 0 ; rebuild rel index time: 0.0130191 ; node comm time: 0.714204
Path counts 884179859
TC time: 1.11917
join detail: 
compute size time:  0.00297472
reduce + scan time: 0.00669594
fetch result time:  0.0141732
sort time:          0.0820838
build index time:   0
merge time:         0
unique time:        0.0173429
>>>>>>>>>>>>> p2p-Gnutella31 16 MPI ranks, 4 ranks per node, 4 depth, 1 thread per rank >>>>>>>>>>>>
start lie .... 
Iteration 31 finish populating
GPU 0 memory: free=40510029824, total=42346610688
Join time: 0.190111 ; merge full time: 0.021718 ; memory alloc time: 0.0546867 ; rebuild delta time: 0.0227912 ; set diff time: 0.122791 ; node comm time: 0.000504851
Finished! path_2__1_2 has 56447389
Join time: 0.190111 ; merge full time: 0.021718 ; rebuild full time: 5.952e-06 ; rebuild delta time: 0.0227912 ; set diff time: 0.122791
Rebuild relation detail time : rebuild rel sort time: 0 ; rebuild rel unique time: 0 ; rebuild rel index time: 0.0165151 ; node comm time: 0.782336
Path counts 884179859
TC time: 1.30902
join detail: 
compute size time:  0.00346829
reduce + scan time: 0.00925389
fetch result time:  0.0171172
sort time:          0.111614
build index time:   0
merge time:         0
unique time:        0.0209176
>>>>>>>>>>>>> p2p-Gnutella31 8 MPI ranks, 4 ranks per node, 4 depth, 1 thread per rank >>>>>>>>>>>>
start lie .... 
Iteration 31 finish populating
GPU 0 memory: free=39870398464, total=42346610688
Join time: 0.342708 ; merge full time: 0.0418017 ; memory alloc time: 0.0992164 ; rebuild delta time: 0.0340029 ; set diff time: 0.220397 ; node comm time: 0.000389278
Finished! path_2__1_2 has 111860863
Join time: 0.342708 ; merge full time: 0.0418017 ; rebuild full time: 5.408e-06 ; rebuild delta time: 0.0340029 ; set diff time: 0.220397
Rebuild relation detail time : rebuild rel sort time: 0 ; rebuild rel unique time: 0 ; rebuild rel index time: 0.0258345 ; node comm time: 0.961719
Path counts 884179859
TC time: 1.82805
join detail: 
compute size time:  0.00491417
reduce + scan time: 0.0129915
fetch result time:  0.0304855
sort time:          0.209036
build index time:   0
merge time:         0
unique time:        0.0386934
>>>>>>>>>>>>>>>>>>>>>>>>>>>>>> TC on usroad >>>>>>>>>>>>>>>>>>>>>>>>>>>>>>>>
>>>>>>>>>>>>> usroad 40 MPI ranks, 4 ranks per node, 4 depth, 1 thread per rank >>>>>>>>>>>>
start lie .... 
Iteration 606 finish populating
GPU 0 memory: free=41397125120, total=42346610688
Join time: 0.364853 ; merge full time: 0.176347 ; memory alloc time: 0.572482 ; rebuild delta time: 0.126722 ; set diff time: 0.627094 ; node comm time: 0.00155783
Finished! path_2__1_2 has 21971897
Join time: 0.364853 ; merge full time: 0.176347 ; rebuild full time: 6.848e-06 ; rebuild delta time: 0.126722 ; set diff time: 0.627094
Rebuild relation detail time : rebuild rel sort time: 0 ; rebuild rel unique time: 0 ; rebuild rel index time: 0.104527 ; node comm time: 4.1958
Path counts 871365688
TC time: 6.77912
join detail: 
compute size time:  0.0347178
reduce + scan time: 0.0492186
fetch result time:  0.0506745
sort time:          0.123861
build index time:   0
merge time:         0
unique time:        0.0245994
>>>>>>>>>>>>> usroad 32 MPI ranks, 4 ranks per node, 4 depth, 1 thread per rank >>>>>>>>>>>>
start lie .... 
Iteration 606 finish populating
GPU 0 memory: free=41292267520, total=42346610688
Join time: 0.388917 ; merge full time: 0.208892 ; memory alloc time: 0.716209 ; rebuild delta time: 0.147657 ; set diff time: 0.703733 ; node comm time: 0.00164938
Finished! path_2__1_2 has 27176201
Join time: 0.388917 ; merge full time: 0.208892 ; rebuild full time: 4.928e-06 ; rebuild delta time: 0.147657 ; set diff time: 0.703733
Rebuild relation detail time : rebuild rel sort time: 0 ; rebuild rel unique time: 0 ; rebuild rel index time: 0.125875 ; node comm time: 4.35495
Path counts 871365688
TC time: 6.72134
join detail: 
compute size time:  0.0341946
reduce + scan time: 0.0494304
fetch result time:  0.0512029
sort time:          0.140868
build index time:   0
merge time:         0
unique time:        0.0247037
>>>>>>>>>>>>> usroad 24 MPI ranks, 4 ranks per node, 4 depth, 1 thread per rank >>>>>>>>>>>>
start lie .... 
Iteration 606 finish populating
GPU 0 memory: free=41090940928, total=42346610688
Join time: 0.54857 ; merge full time: 0.269332 ; memory alloc time: 0.800255 ; rebuild delta time: 0.179974 ; set diff time: 1.02357 ; node comm time: 0.00176048
Finished! path_2__1_2 has 36222670
Join time: 0.54857 ; merge full time: 0.269332 ; rebuild full time: 5.024e-06 ; rebuild delta time: 0.179974 ; set diff time: 1.02357
Rebuild relation detail time : rebuild rel sort time: 0 ; rebuild rel unique time: 0 ; rebuild rel index time: 0.157953 ; node comm time: 4.34544
Path counts 871365688
TC time: 7.44265
join detail: 
compute size time:  0.0347874
reduce + scan time: 0.0648939
fetch result time:  0.060929
sort time:          0.178418
build index time:   0
merge time:         0
unique time:        0.0261355
>>>>>>>>>>>>> usroad 16 MPI ranks, 4 ranks per node, 4 depth, 1 thread per rank >>>>>>>>>>>>
start lie .... 
Iteration 606 finish populating
GPU 0 memory: free=39933313024, total=42346610688
Join time: 0.803698 ; merge full time: 0.394238 ; memory alloc time: 1.16401 ; rebuild delta time: 0.206094 ; set diff time: 1.37649 ; node comm time: 0.0023694
Finished! path_2__1_2 has 54879372
Join time: 0.803698 ; merge full time: 0.394238 ; rebuild full time: 5.152e-06 ; rebuild delta time: 0.206094 ; set diff time: 1.37649
Rebuild relation detail time : rebuild rel sort time: 0 ; rebuild rel unique time: 0 ; rebuild rel index time: 0.12447 ; node comm time: 4.23192
Path counts 871365688
TC time: 8.64282
join detail: 
compute size time:  0.038913
reduce + scan time: 0.0936836
fetch result time:  0.0963911
sort time:          0.219742
build index time:   0
merge time:         0
unique time:        0.0294655
>>>>>>>>>>>>> usroad 8 MPI ranks, 4 ranks per node, 4 depth, 1 thread per rank >>>>>>>>>>>>
start lie .... 
Iteration 606 finish populating
GPU 0 memory: free=37624348672, total=42346610688
Join time: 1.17189 ; merge full time: 0.749289 ; memory alloc time: 1.81892 ; rebuild delta time: 0.311038 ; set diff time: 2.15679 ; node comm time: 0.00477266
Finished! path_2__1_2 has 109247756
Join time: 1.17189 ; merge full time: 0.749289 ; rebuild full time: 5.92e-06 ; rebuild delta time: 0.311038 ; set diff time: 2.15679
Rebuild relation detail time : rebuild rel sort time: 0 ; rebuild rel unique time: 0 ; rebuild rel index time: 0.186338 ; node comm time: 5.42584
Path counts 871365688
TC time: 12.2857
join detail: 
compute size time:  0.0376483
reduce + scan time: 0.111015
fetch result time:  0.134808
sort time:          0.28688
build index time:   0
merge time:         0
unique time:        0.0306144
>>>>>>>>>>>>>>>>>>>>>>>>>>>>>> TC on fe_ocean >>>>>>>>>>>>>>>>>>>>>>>>>>>>>>>>
>>>>>>>>>>>>> fe_ocean 40 MPI ranks, 4 ranks per node, 4 depth, 1 thread per rank >>>>>>>>>>>>
start lie .... 
Iteration 247 finish populating
GPU 0 memory: free=39557922816, total=42346610688
Join time: 0.455781 ; merge full time: 0.154517 ; memory alloc time: 0.323611 ; rebuild delta time: 0.10135 ; set diff time: 0.506547 ; node comm time: 0.00191903
Finished! path_2__1_2 has 41651379
Join time: 0.455781 ; merge full time: 0.154517 ; rebuild full time: 5.856e-06 ; rebuild delta time: 0.10135 ; set diff time: 0.506547
Rebuild relation detail time : rebuild rel sort time: 0 ; rebuild rel unique time: 0 ; rebuild rel index time: 0.0576286 ; node comm time: 3.43142
Path counts 1669750513
TC time: 5.74969
join detail: 
compute size time:  0.0147292
reduce + scan time: 0.0396698
fetch result time:  0.052867
sort time:          0.154112
build index time:   0
merge time:         0
unique time:        0.0221242
>>>>>>>>>>>>> fe_ocean 32 MPI ranks, 4 ranks per node, 4 depth, 1 thread per rank >>>>>>>>>>>>
start lie .... 
Iteration 247 finish populating
GPU 0 memory: free=38972817408, total=42346610688
Join time: 0.504869 ; merge full time: 0.186782 ; memory alloc time: 0.389267 ; rebuild delta time: 0.0999281 ; set diff time: 0.57142 ; node comm time: 0.0019567
Finished! path_2__1_2 has 51398524
Join time: 0.504869 ; merge full time: 0.186782 ; rebuild full time: 5.152e-06 ; rebuild delta time: 0.0999281 ; set diff time: 0.57142
Rebuild relation detail time : rebuild rel sort time: 0 ; rebuild rel unique time: 0 ; rebuild rel index time: 0.0556175 ; node comm time: 3.09906
Path counts 1669750513
TC time: 5.18561
join detail: 
compute size time:  0.0151204
reduce + scan time: 0.0494254
fetch result time:  0.0578437
sort time:          0.164175
build index time:   0
merge time:         0
unique time:        0.0251987
>>>>>>>>>>>>> fe_ocean 24 MPI ranks, 4 ranks per node, 4 depth, 1 thread per rank >>>>>>>>>>>>
start lie .... 
Iteration 247 finish populating
GPU 0 memory: free=38299631616, total=42346610688
Join time: 0.577928 ; merge full time: 0.248374 ; memory alloc time: 0.486741 ; rebuild delta time: 0.111952 ; set diff time: 0.769051 ; node comm time: 0.00248599
Finished! path_2__1_2 has 69707071
Join time: 0.577928 ; merge full time: 0.248374 ; rebuild full time: 5.376e-06 ; rebuild delta time: 0.111952 ; set diff time: 0.769051
Rebuild relation detail time : rebuild rel sort time: 0 ; rebuild rel unique time: 0 ; rebuild rel index time: 0.0649646 ; node comm time: 2.76878
Path counts 1669750513
TC time: 5.27514
join detail: 
compute size time:  0.0155167
reduce + scan time: 0.0489288
fetch result time:  0.0695962
sort time:          0.200086
build index time:   0
merge time:         0
unique time:        0.030654
>>>>>>>>>>>>> fe_ocean 16 MPI ranks, 4 ranks per node, 4 depth, 1 thread per rank >>>>>>>>>>>>
start lie .... 
Iteration 247 finish populating
GPU 0 memory: free=36915511296, total=42346610688
Join time: 0.786007 ; merge full time: 0.362241 ; memory alloc time: 0.691463 ; rebuild delta time: 0.138607 ; set diff time: 1.05978 ; node comm time: 0.00304651
Finished! path_2__1_2 has 103751089
Join time: 0.786007 ; merge full time: 0.362241 ; rebuild full time: 4.96e-06 ; rebuild delta time: 0.138607 ; set diff time: 1.05978
Rebuild relation detail time : rebuild rel sort time: 0 ; rebuild rel unique time: 0 ; rebuild rel index time: 0.0777472 ; node comm time: 2.8115
Path counts 1669750513
TC time: 6.23587
join detail: 
compute size time:  0.0162314
reduce + scan time: 0.0714721
fetch result time:  0.0897209
sort time:          0.270025
build index time:   0
merge time:         0
unique time:        0.0349077
>>>>>>>>>>>>> fe_ocean 8 MPI ranks, 4 ranks per node, 4 depth, 1 thread per rank >>>>>>>>>>>>
start lie .... 
Iteration 247 finish populating
GPU 0 memory: free=34369568768, total=42346610688
Join time: 1.18887 ; merge full time: 0.719887 ; memory alloc time: 1.30977 ; rebuild delta time: 0.163117 ; set diff time: 1.43672 ; node comm time: 0.00523353
Finished! path_2__1_2 has 208160982
Join time: 1.18887 ; merge full time: 0.719887 ; rebuild full time: 5.568e-06 ; rebuild delta time: 0.163117 ; set diff time: 1.43672
Rebuild relation detail time : rebuild rel sort time: 0 ; rebuild rel unique time: 0 ; rebuild rel index time: 0.0990976 ; node comm time: 3.70925
Path counts 1669750513
TC time: 9.01795
join detail: 
compute size time:  0.0196751
reduce + scan time: 0.0741949
fetch result time:  0.0923013
sort time:          0.402678
build index time:   0
merge time:         0
unique time:        0.0667804
>>>>>>>>>>>>>>>>>>>>>>>>>>>>>> TC on vsp_finan >>>>>>>>>>>>>>>>>>>>>>>>>>>>>>>>
>>>>>>>>>>>>> vsp_finan 40 MPI ranks, 4 ranks per node, 4 depth, 1 thread per rank >>>>>>>>>>>>
start lie .... 
Iteration 520 finish populating
GPU 0 memory: free=41120301056, total=42346610688
Join time: 0.533324 ; merge full time: 0.204631 ; memory alloc time: 0.59085 ; rebuild delta time: 0.101776 ; set diff time: 0.856062 ; node comm time: 0.00141907
Finished! path_2__1_2 has 22410987
Join time: 0.533324 ; merge full time: 0.204631 ; rebuild full time: 7.104e-06 ; rebuild delta time: 0.101776 ; set diff time: 0.856062
Rebuild relation detail time : rebuild rel sort time: 0 ; rebuild rel unique time: 0 ; rebuild rel index time: 0.0732131 ; node comm time: 5.93389
Path counts 910070918
TC time: 8.94588
join detail: 
compute size time:  0.0655738
reduce + scan time: 0.0467046
fetch result time:  0.135393
sort time:          0.160804
build index time:   0
merge time:         0
unique time:        0.0259002
>>>>>>>>>>>>> vsp_finan 32 MPI ranks, 4 ranks per node, 4 depth, 1 thread per rank >>>>>>>>>>>>
start lie .... 
Iteration 520 finish populating
GPU 0 memory: free=41078358016, total=42346610688
Join time: 0.535442 ; merge full time: 0.24594 ; memory alloc time: 0.709134 ; rebuild delta time: 0.112564 ; set diff time: 1.19488 ; node comm time: 0.001791
Finished! path_2__1_2 has 28741206
Join time: 0.535442 ; merge full time: 0.24594 ; rebuild full time: 5.344e-06 ; rebuild delta time: 0.112564 ; set diff time: 1.19488
Rebuild relation detail time : rebuild rel sort time: 0 ; rebuild rel unique time: 0 ; rebuild rel index time: 0.0816139 ; node comm time: 5.06135
Path counts 910070918
TC time: 8.09428
join detail: 
compute size time:  0.0685445
reduce + scan time: 0.0462662
fetch result time:  0.13721
sort time:          0.161201
build index time:   0
merge time:         0
unique time:        0.024727
>>>>>>>>>>>>> vsp_finan 24 MPI ranks, 4 ranks per node, 4 depth, 1 thread per rank >>>>>>>>>>>>
start lie .... 
Iteration 520 finish populating
GPU 0 memory: free=40625373184, total=42346610688
Join time: 0.638655 ; merge full time: 0.312024 ; memory alloc time: 0.822131 ; rebuild delta time: 0.126942 ; set diff time: 1.03866 ; node comm time: 0.00220585
Finished! path_2__1_2 has 37713335
Join time: 0.638655 ; merge full time: 0.312024 ; rebuild full time: 5.568e-06 ; rebuild delta time: 0.126942 ; set diff time: 1.03866
Rebuild relation detail time : rebuild rel sort time: 0 ; rebuild rel unique time: 0 ; rebuild rel index time: 0.0874118 ; node comm time: 4.79188
Path counts 910070918
TC time: 8.0201
join detail: 
compute size time:  0.0657122
reduce + scan time: 0.0597432
fetch result time:  0.153675
sort time:          0.18436
build index time:   0
merge time:         0
unique time:        0.0292658
>>>>>>>>>>>>> vsp_finan 16 MPI ranks, 4 ranks per node, 4 depth, 1 thread per rank >>>>>>>>>>>>
start lie .... 
Iteration 520 finish populating
GPU 0 memory: free=40145125376, total=42346610688
Join time: 0.750406 ; merge full time: 0.460688 ; memory alloc time: 1.09322 ; rebuild delta time: 0.198472 ; set diff time: 1.66369 ; node comm time: 0.00330019
Finished! path_2__1_2 has 56808650
Join time: 0.750406 ; merge full time: 0.460688 ; rebuild full time: 6.112e-06 ; rebuild delta time: 0.198472 ; set diff time: 1.66369
Rebuild relation detail time : rebuild rel sort time: 0 ; rebuild rel unique time: 0 ; rebuild rel index time: 0.148211 ; node comm time: 4.28334
Path counts 910070918
TC time: 8.78824
join detail: 
compute size time:  0.0694774
reduce + scan time: 0.0633017
fetch result time:  0.1789
sort time:          0.219217
build index time:   0
merge time:         0
unique time:        0.0296877
>>>>>>>>>>>>> vsp_finan 8 MPI ranks, 4 ranks per node, 4 depth, 1 thread per rank >>>>>>>>>>>>
start lie .... 
Iteration 520 finish populating
GPU 0 memory: free=38022807552, total=42346610688
Join time: 1.40491 ; merge full time: 1.00692 ; memory alloc time: 1.94669 ; rebuild delta time: 0.288096 ; set diff time: 2.34354 ; node comm time: 0.000142574
Finished! path_2__1_2 has 113594530
Join time: 1.40491 ; merge full time: 1.00692 ; rebuild full time: 5.824e-06 ; rebuild delta time: 0.288096 ; set diff time: 2.34354
Rebuild relation detail time : rebuild rel sort time: 0 ; rebuild rel unique time: 0 ; rebuild rel index time: 0.173207 ; node comm time: 4.35175
Path counts 910070918
TC time: 11.9479
join detail: 
compute size time:  0.0958986
reduce + scan time: 0.101578
fetch result time:  0.321566
sort time:          0.329913
build index time:   0
merge time:         0
unique time:        0.0427374
>>>>>>>>>>>>>>>>>>>>>>>>>>>>>> TC on com-dblp >>>>>>>>>>>>>>>>>>>>>>>>>>>>>>>>
>>>>>>>>>>>>> com-dblp 40 MPI ranks, 4 ranks per node, 4 depth, 1 thread per rank >>>>>>>>>>>>
start lie .... 
Iteration 31 finish populating
GPU 0 memory: free=39536951296, total=42346610688
Join time: 0.170345 ; merge full time: 0.0200366 ; memory alloc time: 0.048341 ; rebuild delta time: 0.0228547 ; set diff time: 0.107166 ; node comm time: 0.00295895
Finished! path_2__1_2 has 50690398
Join time: 0.170345 ; merge full time: 0.0200366 ; rebuild full time: 5.984e-06 ; rebuild delta time: 0.0228547 ; set diff time: 0.107166
Rebuild relation detail time : rebuild rel sort time: 0 ; rebuild rel unique time: 0 ; rebuild rel index time: 0.0174592 ; node comm time: 0.952467
Path counts 1911754892
TC time: 1.95369
join detail: 
compute size time:  0.00320717
reduce + scan time: 0.00791552
fetch result time:  0.0159867
sort time:          0.0987679
build index time:   0
merge time:         0
unique time:        0.019775
>>>>>>>>>>>>> com-dblp 32 MPI ranks, 4 ranks per node, 4 depth, 1 thread per rank >>>>>>>>>>>>
start lie .... 
Iteration 31 finish populating
GPU 0 memory: free=39167852544, total=42346610688
Join time: 0.198409 ; merge full time: 0.0215828 ; memory alloc time: 0.0486799 ; rebuild delta time: 0.0242842 ; set diff time: 0.10829 ; node comm time: 0.00343609
Finished! path_2__1_2 has 56905789
Join time: 0.198409 ; merge full time: 0.0215828 ; rebuild full time: 5.504e-06 ; rebuild delta time: 0.0242842 ; set diff time: 0.10829
Rebuild relation detail time : rebuild rel sort time: 0 ; rebuild rel unique time: 0 ; rebuild rel index time: 0.0183501 ; node comm time: 1.11353
Path counts 1911754892
TC time: 1.74426
join detail: 
compute size time:  0.00332698
reduce + scan time: 0.00777626
fetch result time:  0.0198513
sort time:          0.11863
build index time:   0
merge time:         0
unique time:        0.022838
>>>>>>>>>>>>> com-dblp 24 MPI ranks, 4 ranks per node, 4 depth, 1 thread per rank >>>>>>>>>>>>
start lie .... 
Iteration 31 finish populating
GPU 0 memory: free=38289145856, total=42346610688
Join time: 0.258066 ; merge full time: 0.0283781 ; memory alloc time: 0.061652 ; rebuild delta time: 0.0289843 ; set diff time: 0.18841 ; node comm time: 0.00567889
Finished! path_2__1_2 has 76402732
Join time: 0.258066 ; merge full time: 0.0283781 ; rebuild full time: 6.816e-06 ; rebuild delta time: 0.0289843 ; set diff time: 0.18841
Rebuild relation detail time : rebuild rel sort time: 0 ; rebuild rel unique time: 0 ; rebuild rel index time: 0.0219546 ; node comm time: 1.21548
Path counts 1911754892
TC time: 1.9318
join detail: 
compute size time:  0.00393114
reduce + scan time: 0.00884736
fetch result time:  0.0232428
sort time:          0.16013
build index time:   0
merge time:         0
unique time:        0.0300262
>>>>>>>>>>>>> com-dblp 16 MPI ranks, 4 ranks per node, 4 depth, 1 thread per rank >>>>>>>>>>>>
start lie .... 
Iteration 31 finish populating
GPU 0 memory: free=39618740224, total=42346610688
Join time: 0.396224 ; merge full time: 0.0433408 ; memory alloc time: 0.0983132 ; rebuild delta time: 0.0375849 ; set diff time: 0.201762 ; node comm time: 0.00890565
Finished! path_2__1_2 has 117087660
Join time: 0.396224 ; merge full time: 0.0433408 ; rebuild full time: 5.248e-06 ; rebuild delta time: 0.0375849 ; set diff time: 0.201762
Rebuild relation detail time : rebuild rel sort time: 0 ; rebuild rel unique time: 0 ; rebuild rel index time: 0.0298691 ; node comm time: 1.49393
Path counts 1911754892
TC time: 2.40796
join detail: 
compute size time:  0.00517632
reduce + scan time: 0.0119962
fetch result time:  0.0357591
sort time:          0.251413
build index time:   0
merge time:         0
unique time:        0.0444513
>>>>>>>>>>>>> com-dblp 8 MPI ranks, 4 ranks per node, 4 depth, 1 thread per rank >>>>>>>>>>>>
start lie .... 
Iteration 31 finish populating
GPU 0 memory: free=37827772416, total=42346610688
Join time: 0.796134 ; merge full time: 0.108713 ; memory alloc time: 0.18327 ; rebuild delta time: 0.0687114 ; set diff time: 0.321504 ; node comm time: 0.00529373
Finished! path_2__1_2 has 236959368
Join time: 0.796134 ; merge full time: 0.108713 ; rebuild full time: 5.248e-06 ; rebuild delta time: 0.0687114 ; set diff time: 0.321504
Rebuild relation detail time : rebuild rel sort time: 0 ; rebuild rel unique time: 0 ; rebuild rel index time: 0.0570563 ; node comm time: 1.98594
Path counts 1911754892
TC time: 3.62972
join detail: 
compute size time:  0.00870195
reduce + scan time: 0.0187484
fetch result time:  0.0652094
sort time:          0.543226
build index time:   0
merge time:         0
unique time:        0.0767694
